<IV> 
<iv_file> /data/cryo/current_data/iv_1358261152
<target_percent_Rn> 30 30 30 30 30 30 30 30
<bias_resistances_used> 582.000 582.000 582.000 582.000 582.000 582.000 582.000 582.000
<rec_biases> 8500 9900 7800 7400 13000 13600 16250 12500
<cut_per_Rn> 0.100000 0.900000
<cut_bias_power(pW)> 0.000000 30.000000
<iv_curves_found> 419
<detectors_within_cut> 402
<Responsivity(W/DACfb)_C0> 8.75155e-17 8.38192e-17 9.08672e-17 9.16584e-17 0.00000e+00 8.80259e-17 7.82702e-17 8.51364e-17 8.27693e-17 7.36387e-17 7.81182e-17 8.17215e-17 8.26864e-17 8.27894e-17 8.53955e-17 8.95035e-17 9.99488e-17 1.13089e-16 1.03821e-16 9.70134e-17 1.10791e-16 0.00000e+00
<Responsivity(W/DACfb)_C1> 8.12578e-17 7.84669e-17 7.28368e-17 6.49399e-17 0.00000e+00 7.35434e-17 6.68635e-17 -1.02195e-17 -5.09023e-18 1.03095e-16 8.67820e-17 -2.33655e-17 4.87063e-17 7.13834e-17 7.25687e-17 5.78190e-17 5.69393e-17 1.01609e-16 8.94811e-17 5.12879e-18 5.43464e-17 0.00000e+00
<Responsivity(W/DACfb)_C2> 9.77587e-17 9.89654e-17 8.23606e-17 9.03663e-17 0.00000e+00 1.00313e-16 9.82846e-17 9.36068e-17 9.52605e-17 1.09050e-16 -9.50552e-18 9.93934e-17 8.97083e-17 9.03984e-17 9.40174e-17 1.25349e-16 9.89625e-17 1.07649e-16 1.05838e-16 9.04553e-17 0.00000e+00 0.00000e+00
<Responsivity(W/DACfb)_C3> 5.65242e-17 5.73919e-17 0.00000e+00 -2.57957e-17 0.00000e+00 7.85802e-17 5.71679e-17 6.42337e-17 0.00000e+00 5.26477e-17 7.41703e-17 6.15498e-17 7.60028e-17 4.35072e-17 1.03544e-16 3.24082e-17 4.55399e-17 7.50229e-17 1.68772e-16 6.63476e-17 5.96011e-17 0.00000e+00
<Responsivity(W/DACfb)_C4> 0.00000e+00 1.47259e-16 1.50307e-16 1.48114e-16 1.57313e-16 1.42677e-16 1.38474e-16 1.43594e-16 1.38523e-16 1.51932e-16 1.54016e-16 1.42023e-16 1.42115e-16 1.46769e-16 1.34838e-16 1.49359e-16 1.58094e-16 0.00000e+00 1.47515e-16 1.51602e-16 1.48497e-16 1.45536e-16
<Responsivity(W/DACfb)_C5> 0.00000e+00 1.32482e-16 1.21003e-16 1.22128e-16 1.24823e-16 1.32191e-16 0.00000e+00 1.35874e-16 1.43623e-16 1.37127e-16 1.04384e-16 -1.61218e-17 9.57261e-17 9.81314e-17 1.25384e-16 1.21421e-16 1.18988e-16 1.22875e-16 1.22917e-16 1.24425e-16 8.53612e-17 8.59972e-17
<Responsivity(W/DACfb)_C6> 0.00000e+00 1.37909e-16 1.38157e-16 0.00000e+00 1.38742e-16 1.36819e-16 1.46844e-16 1.72326e-16 1.12628e-16 1.11377e-16 1.66861e-16 1.30052e-16 1.31882e-16 1.37470e-16 1.32951e-16 1.19242e-16 1.22380e-16 0.00000e+00 1.31967e-16 1.34802e-16 1.39036e-16 1.29519e-16
<Responsivity(W/DACfb)_C7> 0.00000e+00 0.00000e+00 1.44245e-16 0.00000e+00 0.00000e+00 0.00000e+00 0.00000e+00 0.00000e+00 0.00000e+00 0.00000e+00 0.00000e+00 0.00000e+00 0.00000e+00 0.00000e+00 0.00000e+00 0.00000e+00 0.00000e+00 0.00000e+00 0.00000e+00 0.00000e+00 0.00000e+00 0.00000e+00
<Responsivity(W/DACfb)_C8> 0.00000e+00 1.62470e-16 1.80985e-16 1.54878e-16 1.56584e-16 1.64561e-16 1.81434e-16 1.66782e-16 1.71138e-16 1.49039e-16 1.47215e-16 1.46507e-16 1.49631e-16 1.65226e-16 1.61051e-16 1.73948e-16 1.69488e-16 0.00000e+00 1.54178e-16 1.50056e-16 1.47713e-16 1.48465e-16
<Responsivity(W/DACfb)_C9> 0.00000e+00 1.27480e-16 1.27786e-16 1.10232e-16 1.10155e-16 1.29708e-16 1.36002e-16 1.30214e-16 1.34955e-16 1.34326e-16 1.47023e-16 1.14688e-16 1.22595e-16 1.30229e-16 1.23256e-16 1.37143e-16 1.30763e-16 0.00000e+00 1.17329e-16 1.26185e-16 1.47716e-16 1.38427e-16
<Responsivity(W/DACfb)_C10> 0.00000e+00 1.15063e-16 1.24260e-16 1.31172e-16 1.35621e-16 1.14292e-16 1.16030e-16 1.08706e-16 1.13524e-16 1.07956e-16 1.12285e-16 8.79993e-17 1.02958e-16 9.85087e-17 9.70946e-17 1.17710e-16 1.11765e-16 1.29191e-16 0.00000e+00 1.22033e-16 1.10314e-16 1.15892e-16
<Responsivity(W/DACfb)_C11> 0.00000e+00 0.00000e+00 2.06051e-18 8.48757e-17 9.78330e-17 0.00000e+00 1.01651e-16 1.00398e-16 1.05322e-16 1.06239e-16 9.19407e-17 9.35380e-17 1.20807e-16 1.17719e-16 1.08940e-16 1.08629e-16 9.71157e-17 9.77659e-17 9.51194e-17 9.13458e-17 8.96338e-17 9.01150e-17
<Responsivity(W/DACfb)_C12> 0.00000e+00 1.17314e-16 1.20777e-16 1.31891e-16 1.26466e-16 1.42280e-16 1.47484e-16 1.37647e-16 1.38019e-16 1.16986e-16 1.19510e-16 1.26740e-16 1.32541e-16 0.00000e+00 1.16866e-16 1.17973e-16 1.21423e-16 0.00000e+00 1.32951e-16 1.33072e-16 1.33217e-16 1.33310e-16
<Responsivity(W/DACfb)_C13> 0.00000e+00 0.00000e+00 1.31005e-16 1.46126e-16 1.51493e-16 1.22323e-16 1.24556e-16 1.33704e-16 1.33677e-16 1.27551e-16 1.29268e-16 1.33503e-16 1.37403e-16 1.39507e-16 1.45314e-16 1.22012e-16 1.20295e-16 0.00000e+00 1.50943e-16 1.56162e-16 1.29092e-16 1.30525e-16
<Responsivity(W/DACfb)_C14> 0.00000e+00 1.41025e-16 1.47603e-16 1.39028e-16 1.49255e-16 0.00000e+00 1.37147e-16 1.42264e-16 1.47045e-16 1.49887e-16 1.51956e-16 1.38049e-16 1.45892e-16 1.38577e-16 1.43440e-16 1.44887e-16 1.41885e-16 0.00000e+00 1.29516e-16 1.32850e-16 1.17205e-16 1.31047e-16
<Responsivity(W/DACfb)_C15> 0.00000e+00 1.12569e-16 1.14344e-16 1.23832e-16 1.27555e-16 1.35890e-16 1.31922e-16 1.27412e-16 1.27444e-16 1.29101e-16 1.30693e-16 1.13339e-16 1.16011e-16 1.16257e-16 1.15235e-16 1.28387e-16 0.00000e+00 0.00000e+00 1.21276e-16 1.20242e-16 1.04183e-16 0.00000e+00
<Responsivity(W/DACfb)_C16> 4.11739e-17 5.35954e-17 8.25764e-17 8.92000e-17 0.00000e+00 7.54159e-17 7.91576e-17 7.50064e-17 1.10928e-16 8.12546e-17 9.23342e-17 1.06983e-16 -1.24816e-16 8.46913e-17 6.73457e-17 7.37035e-17 0.00000e+00 6.52542e-17 5.53106e-17 7.91776e-17 5.40600e-17 0.00000e+00
<Responsivity(W/DACfb)_C17> 0.00000e+00 0.00000e+00 -7.39410e-17 -7.29331e-17 0.00000e+00 5.75769e-17 3.77263e-17 7.24829e-17 5.81927e-17 7.36023e-17 6.77074e-17 7.85987e-17 1.15776e-16 9.43267e-17 3.62139e-16 4.21370e-17 4.71045e-17 7.26434e-17 6.02468e-17 9.92073e-17 8.16909e-17 0.00000e+00
<Responsivity(W/DACfb)_C18> 0.00000e+00 0.00000e+00 0.00000e+00 0.00000e+00 0.00000e+00 0.00000e+00 0.00000e+00 0.00000e+00 0.00000e+00 0.00000e+00 0.00000e+00 0.00000e+00 0.00000e+00 0.00000e+00 0.00000e+00 0.00000e+00 0.00000e+00 0.00000e+00 0.00000e+00 0.00000e+00 0.00000e+00 0.00000e+00
<Responsivity(W/DACfb)_C19> 8.14471e-17 7.45129e-17 6.27268e-17 7.02799e-17 7.51870e-17 7.31872e-17 6.56902e-17 6.71073e-17 7.70037e-17 9.23788e-17 8.44031e-17 -7.83983e-17 7.98021e-17 0.00000e+00 0.00000e+00 8.73511e-17 0.00000e+00 1.40403e-16 6.46859e-17 2.96362e-18 6.93948e-17 6.53050e-17
<Responsivity(W/DACfb)_C20> -7.46274e-17 1.05941e-16 6.55691e-17 6.09890e-17 0.00000e+00 -2.46873e-16 0.00000e+00 6.43984e-17 7.74475e-17 3.62278e-17 5.13511e-17 7.78694e-17 7.23429e-17 7.55395e-17 7.58268e-17 0.00000e+00 5.89645e-17 8.77822e-17 7.90040e-17 2.26742e-16 8.01513e-17 0.00000e+00
<Responsivity(W/DACfb)_C21> 0.00000e+00 0.00000e+00 0.00000e+00 8.86153e-17 0.00000e+00 8.04024e-17 1.08570e-16 7.67808e-17 7.00947e-17 6.12343e-17 8.95153e-17 9.04729e-17 8.09234e-17 5.63079e-17 0.00000e+00 0.00000e+00 5.97884e-17 7.49306e-17 5.95927e-17 6.21123e-17 8.82510e-17 0.00000e+00
<Responsivity(W/DACfb)_C22> 7.05189e-17 8.23507e-17 6.44108e-17 6.41671e-17 -5.21885e-19 -5.79909e-18 0.00000e+00 7.37658e-17 6.36428e-17 8.18121e-17 8.84704e-17 -1.42108e-18 -2.57757e-19 7.44334e-17 6.56996e-17 7.58951e-17 0.00000e+00 5.70507e-17 6.11095e-17 7.10073e-17 6.40926e-17 0.00000e+00
<Responsivity(W/DACfb)_C23> 6.87476e-17 6.93183e-17 7.40508e-17 8.40516e-17 0.00000e+00 7.35500e-17 8.08960e-17 9.58591e-17 8.52664e-17 9.02735e-17 1.22704e-16 9.46105e-17 8.49072e-17 8.01190e-17 7.78047e-17 6.53082e-17 8.44221e-17 9.95331e-17 9.47739e-17 1.04915e-16 1.38211e-16 0.00000e+00
<Percentage_Rn_C0> 0.275245 0.271831 0.376033 0.302570 0.000000 0.245416 0.213105 0.244486 0.254255 0.209283 0.225587 0.236597 0.223976 0.240738 0.254420 0.323161 0.366266 0.594640 0.478965 0.368605 0.549827 0.000000
<Percentage_Rn_C1> 0.305315 0.330611 0.250719 0.187745 0.000000 0.218615 0.196921 0.292175 0.299677 0.577479 0.425062 0.105911 0.130967 0.241888 0.221362 0.176323 0.158838 0.519242 0.400161 0.097155 0.145536 0.000000
<Percentage_Rn_C2> 0.428192 0.469635 0.246274 0.258731 0.000000 0.396193 0.430259 0.362917 0.343135 0.498548 0.368406 0.446461 0.392543 0.351447 0.374724 0.660833 0.442831 0.446524 0.393841 0.439873 0.000000 0.000000
<Percentage_Rn_C3> 0.313073 0.339500 0.000000 0.047689 0.000000 0.340930 0.139265 0.159485 0.000000 0.145329 0.195935 0.352023 0.318566 0.131009 0.293132 0.068459 0.096322 0.313403 0.752897 0.208654 0.162079 0.000000
<Percentage_Rn_C4> 0.000000 0.249637 0.252381 0.301371 0.347810 0.246836 0.223755 0.233553 0.221929 0.320649 0.323942 0.235583 0.232920 0.264050 0.217814 0.328224 0.364815 0.000000 0.285678 0.308029 0.269798 0.258342
<Percentage_Rn_C5> 0.000000 0.380065 0.441728 0.296441 0.273694 0.361194 0.000000 0.397207 0.397614 0.349475 0.192094 0.216568 0.161767 0.170098 0.313002 0.314109 0.287312 0.305145 0.347550 0.347822 0.130428 0.134219
<Percentage_Rn_C6> 0.000000 0.354703 0.357934 0.000000 0.414029 0.424600 0.455681 0.569197 0.211758 0.181216 0.531038 0.345276 0.383142 0.426913 0.385949 0.254123 0.290051 0.000000 0.336046 0.340188 0.430436 0.353754
<Percentage_Rn_C7> 0.000000 0.000000 0.261812 0.000000 0.000000 0.000000 0.000000 0.000000 0.000000 0.000000 0.000000 0.000000 0.000000 0.000000 0.000000 0.000000 0.000000 0.000000 0.000000 0.000000 0.000000 0.000000
<Percentage_Rn_C8> 0.000000 0.378396 0.458855 0.322818 0.342102 0.406028 0.504369 0.452015 0.443233 0.267087 0.265660 0.261514 0.276832 0.383762 0.360721 0.463125 0.455962 0.000000 0.300946 0.306996 0.247687 0.261829
<Percentage_Rn_C9> 0.000000 0.292335 0.276807 0.192174 0.174540 0.318779 0.358654 0.330422 0.314423 0.369075 0.440382 0.221629 0.254382 0.302876 0.289509 0.381424 0.352686 0.000000 0.258868 0.318107 0.401676 0.360971
<Percentage_Rn_C10> 0.000000 0.242852 0.302005 0.370670 0.422546 0.252698 0.238699 0.209108 0.238990 0.198138 0.221262 0.119819 0.152380 0.144624 0.152839 0.271829 0.226915 0.284265 0.000000 0.262473 0.201828 0.228949
<Percentage_Rn_C11> 0.000000 0.000000 0.128605 0.129413 0.185826 0.000000 0.195771 0.203289 0.217981 0.227713 0.147881 0.157787 0.292586 0.275843 0.232725 0.238817 0.166439 0.174287 0.168852 0.147454 0.136427 0.143154
<Percentage_Rn_C12> 0.000000 0.236485 0.257381 0.274113 0.290016 0.372245 0.418049 0.333925 0.389851 0.231044 0.259409 0.275059 0.300037 0.000000 0.218124 0.228916 0.242987 0.000000 0.338685 0.347626 0.317165 0.333495
<Percentage_Rn_C13> 0.000000 0.000000 0.365203 0.426558 0.450969 0.269627 0.298284 0.324533 0.357367 0.320542 0.316928 0.344788 0.348946 0.381380 0.392659 0.270344 0.266389 0.000000 0.461834 0.462431 0.317706 0.315144
<Percentage_Rn_C14> 0.000000 0.408530 0.416710 0.390933 0.424700 0.000000 0.452189 0.416340 0.408460 0.436136 0.443785 0.459360 0.523771 0.425437 0.481931 0.440847 0.429546 0.000000 0.381534 0.366320 0.290935 0.377465
<Percentage_Rn_C15> 0.000000 0.186020 0.188523 0.262290 0.300746 0.345593 0.324827 0.292885 0.276272 0.297266 0.308534 0.216079 0.234035 0.184422 0.192751 0.292386 0.000000 0.000000 0.281689 0.277425 0.153904 0.000000
<Percentage_Rn_C16> 0.086665 0.127842 0.316402 0.352505 0.000000 0.297089 0.341353 0.618846 0.541054 0.324242 0.539524 0.534381 0.994196 0.425058 0.475443 0.205377 0.000000 0.170860 0.116361 0.226243 0.199341 0.000000
<Percentage_Rn_C17> 0.000000 0.000000 1.001746 1.000824 0.000000 0.149986 0.078548 0.249224 0.193655 0.506278 0.394335 0.349598 0.616694 0.337719 0.802266 0.098020 0.108514 0.689924 0.320896 0.462956 0.374470 0.000000
<Percentage_Rn_C18> 0.000000 0.000000 0.000000 0.000000 0.000000 0.000000 0.000000 0.000000 0.000000 0.000000 0.000000 0.000000 0.000000 0.000000 0.000000 0.000000 0.000000 0.000000 0.000000 0.000000 0.000000 0.000000
<Percentage_Rn_C19> 0.355750 0.282482 0.191373 0.257907 0.285024 0.231777 0.441209 0.517374 0.262111 0.438155 0.303522 1.001145 0.303498 0.000000 0.000000 0.397848 0.000000 0.719820 0.395395 0.170315 0.540429 0.533567
<Percentage_Rn_C20> 1.000599 0.588809 0.187408 0.178378 0.000000 0.982723 0.000000 0.190325 0.326161 0.071864 0.118510 0.287049 0.282966 0.278575 0.296839 0.000000 0.156726 0.337941 0.232031 0.823081 0.342534 0.000000
<Percentage_Rn_C21> 0.000000 0.000000 0.000000 0.411042 0.000000 0.439834 0.699979 0.281900 0.321439 0.400379 0.429259 0.503184 0.319150 0.273544 0.000000 0.000000 0.212586 0.375123 0.386373 0.212451 0.364831 0.000000
<Percentage_Rn_C22> 0.211936 0.302070 0.420518 0.357573 -0.387361 0.526165 0.000000 0.220846 0.181440 0.318331 0.325387 -0.309083 -0.965071 0.508740 0.345726 0.262188 0.000000 0.328133 0.293812 0.572937 0.442162 0.000000
<Percentage_Rn_C23> 0.161543 0.178208 0.194807 0.226402 0.000000 0.188241 0.255445 0.292053 0.216938 0.283074 0.502092 0.376823 0.233507 0.249902 0.203447 0.167075 0.241565 0.410157 0.396564 0.540818 0.746233 0.000000
<Bias_Power(pW)_C0> 7.39578 7.43990 5.86072 6.81978 0.00000 7.97887 8.72435 7.97378 7.70697 8.89293 8.50478 8.27163 8.62101 8.14559 7.79276 6.72850 6.10240 4.13869 4.99062 5.85653 4.25447 0.00000
<Bias_Power(pW)_C1> 5.09038 4.69850 5.74401 7.07002 0.00000 6.36824 6.82608 5.21584 5.05716 3.00158 3.88955 9.65281 8.65617 6.02724 6.36997 7.49097 7.90318 3.26789 4.16365 10.04938 8.36434 0.00000
<Bias_Power(pW)_C2> 5.32951 4.97612 8.04684 7.70292 0.00000 5.55926 5.39845 5.87227 6.36510 4.71723 5.83213 5.09878 5.75246 6.29446 5.93505 3.71207 5.13920 5.31562 5.84305 5.46835 0.00000 0.00000
<Bias_Power(pW)_C3> 2.55850 2.40896 0.00000 8.19560 0.00000 2.49139 4.87557 4.58800 0.00000 4.80827 3.84144 2.40975 2.62989 5.25115 2.76316 7.36871 6.20203 2.64904 1.20939 3.81737 4.37765 0.00000
<Bias_Power(pW)_C4> 0.00000 16.46902 16.46342 14.36122 12.84800 16.87407 17.56447 17.40579 17.41927 13.81058 13.47902 17.29063 17.21969 15.49721 17.36772 13.29355 12.22892 0.00000 14.79166 13.78379 15.03623 15.80268
<Bias_Power(pW)_C5> 0.00000 8.39533 7.37706 9.93687 10.57499 8.75480 0.00000 8.09361 8.07903 8.92677 13.75519 12.58756 15.61060 15.15203 9.77914 9.72477 10.51905 9.96324 9.11606 8.94615 17.80222 17.61856
<Bias_Power(pW)_C6> 0.00000 7.52836 7.48718 0.00000 6.52333 6.35305 5.85271 4.96419 10.85694 12.30346 5.26396 7.79597 7.04306 6.30588 6.93221 9.52925 8.66236 0.00000 7.57826 7.54053 6.28357 7.46970
<Bias_Power(pW)_C7> 0.00000 0.00000 16.32626 0.00000 0.00000 0.00000 0.00000 0.00000 0.00000 0.00000 0.00000 0.00000 0.00000 0.00000 0.00000 0.00000 0.00000 0.00000 0.00000 0.00000 0.00000 0.00000
<Bias_Power(pW)_C8> 0.00000 11.77670 9.91324 13.19659 12.61927 10.94953 8.96074 9.98109 10.16264 15.38257 15.54684 15.82949 15.05623 11.42329 12.03273 9.77437 9.95747 0.00000 13.77576 13.73549 16.29940 15.68719
<Bias_Power(pW)_C9> 0.00000 8.59775 8.93349 11.72907 12.39141 7.94880 7.25066 7.75429 8.08773 7.02422 6.15759 10.54796 9.46771 8.26917 8.59972 6.91347 7.37419 0.00000 9.46321 7.95270 6.62183 7.24039
<Bias_Power(pW)_C10> 0.00000 10.26492 8.66227 7.28247 6.53020 9.67178 10.21852 11.29410 10.17169 11.69792 10.89393 15.97574 13.98804 14.36709 13.83600 9.17439 10.50834 8.89941 0.00000 9.35725 11.38043 10.45533
<Bias_Power(pW)_C11> 0.00000 0.00000 18.34236 18.12329 14.38342 0.00000 14.02507 13.72836 13.06146 12.68111 16.58618 15.97708 10.20767 10.75785 12.35443 12.14485 15.23686 14.80436 15.23207 16.66731 17.44013 17.05546
<Bias_Power(pW)_C12> 0.00000 12.05940 11.21868 10.77035 10.42842 8.44871 7.63192 9.09507 8.07372 12.22198 11.17361 10.70334 10.09466 0.00000 13.05164 12.41813 11.90897 0.00000 9.23431 9.06641 9.81138 9.48818
<Bias_Power(pW)_C13> 0.00000 0.00000 9.44536 8.31190 8.00037 11.97949 11.09295 10.50475 9.64939 10.55136 10.58040 9.90649 9.89870 9.16325 8.90984 11.91507 12.00555 0.00000 7.77108 7.67586 10.72027 10.72861
<Bias_Power(pW)_C14> 0.00000 7.78416 7.62894 8.32251 7.64435 0.00000 7.20990 7.60232 7.77187 7.39575 7.30057 7.34103 6.47159 7.51190 6.80647 7.51160 7.56374 0.00000 8.59935 8.83822 10.59978 8.66017
<Bias_Power(pW)_C15> 0.00000 14.36276 14.29303 11.48019 10.21318 9.05055 9.40287 10.21975 10.65165 10.19447 10.04297 12.95271 12.15170 14.33010 13.88037 10.34930 0.00000 0.00000 10.76763 10.71762 16.33580 0.00000
<Bias_Power(pW)_C16> 7.38670 5.94580 3.01747 2.73202 0.00000 3.24396 2.93861 1.63529 1.83554 2.97556 1.92420 1.88828 1.05562 2.31772 2.05334 4.24511 0.00000 4.82214 6.25416 4.05217 4.25072 0.00000
<Bias_Power(pW)_C17> 0.00000 0.00000 0.94508 0.94530 0.00000 4.87190 7.01489 3.39285 4.07087 1.78207 2.17642 2.45808 1.48819 2.58406 1.15605 6.19226 5.84879 1.34642 2.61011 1.92507 2.29510 0.00000
<Bias_Power(pW)_C18> 0.00000 0.00000 0.00000 0.00000 0.00000 0.00000 0.00000 0.00000 0.00000 0.00000 0.00000 0.00000 0.00000 0.00000 0.00000 0.00000 0.00000 0.00000 0.00000 0.00000 0.00000 0.00000
<Bias_Power(pW)_C19> 2.72136 3.32931 4.54211 3.63160 3.26825 3.86578 2.27130 1.97178 3.48839 2.29482 3.09135 1.06484 3.09330 0.00000 0.00000 2.48997 0.00000 1.43655 2.46607 4.82121 1.86720 1.88064
<Bias_Power(pW)_C20> 1.11480 1.81608 4.76683 4.78134 0.00000 1.09461 0.00000 4.52605 2.97385 8.10279 6.24649 3.34392 3.37492 3.46759 3.21348 0.00000 5.13855 2.95285 3.87522 1.28244 2.74865 0.00000
<Bias_Power(pW)_C21> 0.00000 0.00000 0.00000 4.29430 0.00000 4.12483 2.77413 5.84237 5.43147 4.46160 4.25543 3.74462 5.30234 5.77957 0.00000 0.00000 7.04143 4.62024 4.44633 6.99847 4.67324 0.00000
<Bias_Power(pW)_C22> 6.56663 5.10905 3.81476 4.25795 -6.42485 3.15139 0.00000 6.30443 7.22527 4.84925 4.84658 -8.56896 -2.26647 3.29627 4.57095 5.60398 0.00000 4.76344 5.26752 2.95610 3.78115 0.00000
<Bias_Power(pW)_C23> 10.49848 9.94156 9.36121 8.47725 0.00000 9.71479 7.85568 7.20699 8.81735 7.19567 4.59851 5.83132 8.28408 8.08148 9.27963 10.58534 8.23897 5.49410 5.65346 4.49161 3.36365 0.00000
<Bias_Voltage(uV)_C0> 0.084151 0.084057 0.087259 0.085348 0.000000 0.082896 0.081222 0.082907 0.083487 0.080831 0.081724 0.082248 0.081459 0.082529 0.083301 0.085534 0.086787 0.090472 0.088915 0.087267 0.090264 0.000000
<Bias_Voltage(uV)_C1> 0.073128 0.074052 0.071523 0.067966 0.000000 0.069905 0.068656 0.072826 0.073207 0.077781 0.075881 0.059049 0.062940 0.070800 0.069900 0.066731 0.065459 0.077222 0.075272 0.057230 0.063950 0.000000
<Bias_Voltage(uV)_C2> 0.088278 0.088942 0.082747 0.083495 0.000000 0.087841 0.088147 0.087237 0.086266 0.089421 0.087315 0.088712 0.087469 0.086407 0.087114 0.091230 0.088637 0.088304 0.087293 0.088014 0.000000 0.000000
<Bias_Voltage(uV)_C3> 0.067029 0.067393 0.000000 0.046071 0.000000 0.067193 0.060708 0.061579 0.000000 0.060914 0.063710 0.067391 0.066854 0.059521 0.066524 0.051142 0.056202 0.066807 0.070169 0.063776 0.062197 0.000000
<Bias_Voltage(uV)_C4> 0.000000 0.142419 0.142426 0.144898 0.146621 0.141932 0.141092 0.141286 0.141269 0.145530 0.145908 0.141426 0.141513 0.143574 0.141332 0.146118 0.147313 0.000000 0.144400 0.145561 0.144115 0.143213
<Bias_Voltage(uV)_C5> 0.000000 0.117054 0.118472 0.114832 0.113883 0.116544 0.000000 0.117478 0.117498 0.116298 0.108858 0.110766 0.105648 0.106464 0.115064 0.115143 0.113967 0.114793 0.116027 0.116271 0.101504 0.101869
<Bias_Voltage(uV)_C6> 0.000000 0.112893 0.112953 0.000000 0.114338 0.114579 0.115281 0.116505 0.107787 0.105384 0.116095 0.112502 0.113596 0.114646 0.113755 0.109889 0.111213 0.000000 0.112821 0.112876 0.114677 0.112979
<Bias_Voltage(uV)_C7> 0.000000 0.000000 0.142590 0.000000 0.000000 0.000000 0.000000 0.000000 0.000000 0.000000 0.000000 0.000000 0.000000 0.000000 0.000000 0.000000 0.000000 0.000000 0.000000 0.000000 0.000000 0.000000
<Bias_Voltage(uV)_C8> 0.000000 0.147814 0.149841 0.146228 0.146877 0.148721 0.150855 0.149769 0.149573 0.143709 0.143516 0.143182 0.144091 0.148203 0.147531 0.149990 0.149794 0.000000 0.145570 0.145616 0.142622 0.143350
<Bias_Voltage(uV)_C9> 0.000000 0.111310 0.110802 0.106354 0.105233 0.112277 0.113297 0.112563 0.112071 0.113623 0.114854 0.108285 0.109984 0.111802 0.111307 0.113782 0.113118 0.000000 0.109991 0.112271 0.114198 0.113311
<Bias_Voltage(uV)_C10> 0.000000 0.108736 0.111213 0.113251 0.114328 0.109667 0.108809 0.107074 0.108883 0.106406 0.107727 0.098590 0.102407 0.101707 0.102685 0.110435 0.108348 0.110854 0.000000 0.110154 0.106932 0.108433
<Bias_Voltage(uV)_C11> 0.000000 0.000000 0.100411 0.100858 0.107798 0.000000 0.108406 0.108903 0.110001 0.110616 0.103857 0.104984 0.114432 0.113608 0.111138 0.111469 0.106314 0.107072 0.106323 0.103704 0.102220 0.102966
<Bias_Voltage(uV)_C12> 0.000000 0.118438 0.119646 0.120279 0.120757 0.123445 0.124517 0.122582 0.123940 0.118201 0.119710 0.120373 0.121220 0.000000 0.116975 0.117914 0.118656 0.000000 0.122394 0.122620 0.121609 0.122050
<Bias_Voltage(uV)_C13> 0.000000 0.000000 0.122108 0.123626 0.124036 0.118554 0.119825 0.120651 0.121831 0.120586 0.120545 0.121479 0.121489 0.122490 0.122830 0.118647 0.118516 0.000000 0.124336 0.124460 0.120350 0.120338
<Bias_Voltage(uV)_C14> 0.000000 0.117909 0.118124 0.117156 0.118103 0.000000 0.118701 0.118161 0.117926 0.118446 0.118577 0.118521 0.119702 0.118286 0.119250 0.118287 0.118215 0.000000 0.116765 0.116425 0.113846 0.116679
<Bias_Voltage(uV)_C15> 0.000000 0.114973 0.115081 0.119273 0.121056 0.122642 0.122166 0.121047 0.120446 0.121082 0.121291 0.117122 0.118304 0.115023 0.115719 0.120867 0.000000 0.000000 0.120283 0.120353 0.111792 0.000000
<Bias_Voltage(uV)_C16> 0.057376 0.062393 0.070244 0.070908 0.000000 0.069707 0.070429 0.073343 0.072911 0.070342 0.072718 0.072796 0.074564 0.071848 0.072435 0.067213 0.000000 0.065673 0.061411 0.067710 0.067199 0.000000
<Bias_Voltage(uV)_C17> 0.000000 0.000000 0.070751 0.070750 0.000000 0.060719 0.052842 0.064915 0.063073 0.068873 0.067950 0.067274 0.069545 0.066966 0.070287 0.056238 0.057496 0.069864 0.066902 0.068542 0.067667 0.000000
<Bias_Voltage(uV)_C18> 0.000000 0.000000 0.000000 0.000000 0.000000 0.000000 0.000000 0.000000 0.000000 0.000000 0.000000 0.000000 0.000000 0.000000 0.000000 0.000000 0.000000 0.000000 0.000000 0.000000 0.000000 0.000000
<Bias_Voltage(uV)_C19> 0.070932 0.069502 0.066431 0.068766 0.069648 0.068183 0.071952 0.072614 0.069117 0.071900 0.070069 0.074545 0.070065 0.000000 0.000000 0.071461 0.000000 0.073766 0.071515 0.065676 0.072842 0.072813
<Bias_Voltage(uV)_C20> 0.074441 0.072953 0.065825 0.065785 0.000000 0.074483 0.000000 0.066474 0.070346 0.054306 0.061436 0.069467 0.069392 0.069167 0.069779 0.000000 0.064791 0.070395 0.068159 0.074091 0.070870 0.000000
<Bias_Voltage(uV)_C21> 0.000000 0.000000 0.000000 0.074978 0.000000 0.075359 0.078252 0.071274 0.072301 0.074598 0.075066 0.076198 0.072617 0.071433 0.000000 0.000000 0.068048 0.074233 0.074633 0.068170 0.074111 0.000000
<Bias_Voltage(uV)_C22> 0.069370 0.073083 0.076045 0.075060 0.093839 0.077467 0.000000 0.070074 0.067517 0.073700 0.073706 0.096842 0.087457 0.077162 0.074347 0.071874 0.000000 0.073901 0.072701 0.077876 0.076118 0.000000
<Bias_Voltage(uV)_C23> 0.076839 0.078285 0.079720 0.081786 0.000000 0.078854 0.083165 0.084547 0.081007 0.084571 0.089639 0.087316 0.082221 0.082670 0.079916 0.076607 0.082321 0.087965 0.087660 0.089834 0.091840 0.000000
<cut_rec_C0> 0 0 0 0 1 0 0 0 0 0 0 0 0 0 0 0 0 0 0 0 0 1
<cut_rec_C1> 0 0 0 0 1 0 0 0 0 0 0 0 0 0 0 0 0 0 0 1 0 1
<cut_rec_C2> 0 0 0 0 1 0 0 0 0 0 0 0 0 0 0 0 0 0 0 0 1 1
<cut_rec_C3> 0 0 1 1 1 0 0 0 1 0 0 0 0 0 0 1 1 0 0 0 0 1
<cut_rec_C4> 1 0 0 0 0 0 0 0 0 0 0 0 0 0 0 0 0 1 0 0 0 0
<cut_rec_C5> 1 0 0 0 0 0 1 0 0 0 0 0 0 0 0 0 0 0 0 0 0 0
<cut_rec_C6> 1 0 0 1 0 0 0 0 0 0 0 0 0 0 0 0 0 1 0 0 0 0
<cut_rec_C7> 1 1 0 1 1 1 1 1 1 1 1 1 1 1 1 1 1 1 1 1 1 1
<cut_rec_C8> 1 0 0 0 0 0 0 0 0 0 0 0 0 0 0 0 0 1 0 0 0 0
<cut_rec_C9> 1 0 0 0 0 0 0 0 0 0 0 0 0 0 0 0 0 1 0 0 0 0
<cut_rec_C10> 1 0 0 0 0 0 0 0 0 0 0 0 0 0 0 0 0 0 1 0 0 0
<cut_rec_C11> 1 1 0 0 0 1 0 0 0 0 0 0 0 0 0 0 0 0 0 0 0 0
<cut_rec_C12> 1 0 0 0 0 0 0 0 0 0 0 0 0 1 0 0 0 1 0 0 0 0
<cut_rec_C13> 1 1 0 0 0 0 0 0 0 0 0 0 0 0 0 0 0 1 0 0 0 0
<cut_rec_C14> 1 0 0 0 0 1 0 0 0 0 0 0 0 0 0 0 0 1 0 0 0 0
<cut_rec_C15> 1 0 0 0 0 0 0 0 0 0 0 0 0 0 0 0 1 1 0 0 0 1
<cut_rec_C16> 1 0 0 0 1 0 0 0 0 0 0 0 1 0 0 0 1 0 0 0 0 1
<cut_rec_C17> 1 1 1 1 1 0 1 0 0 0 0 0 0 0 0 1 0 0 0 0 0 1
<cut_rec_C18> 1 1 1 1 1 1 1 1 1 1 1 1 1 1 1 1 1 1 1 1 1 1
<cut_rec_C19> 0 0 0 0 0 0 0 0 0 0 0 1 0 1 1 0 1 0 0 0 0 0
<cut_rec_C20> 1 0 0 0 1 1 1 0 0 1 0 0 0 0 0 1 0 0 0 0 0 1
<cut_rec_C21> 1 1 1 0 1 0 0 0 0 0 0 0 0 0 1 1 0 0 0 0 0 1
<cut_rec_C22> 0 0 0 0 1 0 1 0 0 0 0 1 1 0 0 0 1 0 0 0 0 1
<cut_rec_C23> 0 0 0 0 1 0 0 0 0 0 0 0 0 0 0 0 0 0 0 0 0 1
<is_off_C0> 0 0 0 0 0 0 0 0 0 0 0 0 0 0 0 0 0 0 0 0 0 0
<is_off_C1> 0 0 0 0 0 0 0 0 0 0 0 0 0 0 0 0 0 0 0 0 0 0
<is_off_C2> 0 0 0 0 0 0 0 0 0 0 0 0 0 0 0 0 0 0 0 0 0 0
<is_off_C3> 0 0 0 0 0 0 0 0 0 0 0 0 0 0 0 0 0 0 0 0 0 0
<is_off_C4> 1 0 0 0 0 0 0 0 0 0 0 0 0 0 0 0 0 0 0 0 0 0
<is_off_C5> 0 0 0 0 0 0 1 0 0 0 0 0 0 0 0 0 0 0 0 0 0 0
<is_off_C6> 0 0 0 0 0 0 0 0 0 0 0 0 0 0 0 0 0 0 0 0 0 0
<is_off_C7> 0 0 0 0 0 0 0 1 0 0 0 0 0 0 0 0 0 0 0 0 0 0
<is_off_C8> 0 0 0 0 0 0 0 0 0 0 0 0 0 0 0 0 0 0 0 0 0 0
<is_off_C9> 0 0 0 0 0 0 0 0 0 0 0 0 0 0 0 0 0 0 0 0 0 0
<is_off_C10> 0 0 0 0 0 0 0 0 0 0 0 0 0 0 0 0 0 0 0 0 0 0
<is_off_C11> 1 1 0 0 0 1 0 0 0 0 0 0 0 0 0 0 0 0 0 0 0 0
<is_off_C12> 0 0 0 0 0 0 0 0 0 0 0 0 0 1 0 0 0 0 0 0 0 0
<is_off_C13> 1 0 0 0 0 0 0 0 0 0 0 0 0 0 0 0 0 0 0 0 0 0
<is_off_C14> 1 0 0 0 0 0 0 0 0 0 0 0 0 0 0 0 0 0 0 0 0 0
<is_off_C15> 0 0 0 0 0 0 0 0 0 0 0 0 0 0 0 0 1 1 0 0 0 0
<is_off_C16> 0 0 0 0 0 0 0 0 0 0 0 0 0 0 0 0 1 0 0 0 0 0
<is_off_C17> 0 0 0 0 0 0 0 0 0 0 0 0 0 0 0 0 0 0 0 0 0 0
<is_off_C18> 1 1 1 1 1 1 1 1 1 1 1 1 1 1 1 1 1 1 1 1 1 1
<is_off_C19> 0 0 0 0 0 0 0 0 0 0 0 0 0 0 0 0 1 0 0 0 0 0
<is_off_C20> 0 0 0 0 0 0 0 0 0 0 0 0 0 0 0 1 0 0 0 0 0 0
<is_off_C21> 0 0 1 0 0 0 0 0 0 0 0 0 0 0 0 0 0 0 0 0 0 0
<is_off_C22> 0 0 0 0 0 0 0 0 0 0 0 0 0 0 0 0 1 0 0 0 0 0
<is_off_C23> 0 0 0 0 0 0 0 0 0 0 0 0 0 0 0 0 0 0 0 0 0 0
<is_darksquid_C0> 0 0 0 0 1 0 0 0 0 0 0 0 0 0 0 0 0 0 0 0 0 1
<is_darksquid_C1> 0 0 0 0 1 0 0 0 0 0 0 0 0 0 0 0 0 0 0 0 0 1
<is_darksquid_C2> 0 0 0 0 1 0 0 0 0 0 0 0 0 0 0 0 0 0 0 0 1 1
<is_darksquid_C3> 0 0 1 0 1 0 0 0 1 0 0 0 0 0 0 0 0 0 0 0 0 1
<is_darksquid_C4> 0 0 0 0 0 0 0 0 0 0 0 0 0 0 0 0 0 1 0 0 0 0
<is_darksquid_C5> 1 0 0 0 0 0 0 0 0 0 0 0 0 0 0 0 0 0 0 0 0 0
<is_darksquid_C6> 1 0 0 1 0 0 0 0 0 0 0 0 0 0 0 0 0 1 0 0 0 0
<is_darksquid_C7> 1 1 0 0 0 0 0 0 0 0 0 0 0 0 0 0 0 1 0 0 0 0
<is_darksquid_C8> 1 0 0 0 0 0 0 0 0 0 0 0 0 0 0 0 0 1 0 0 0 0
<is_darksquid_C9> 1 0 0 0 0 0 0 0 0 0 0 0 0 0 0 0 0 1 0 0 0 0
<is_darksquid_C10> 1 0 0 0 0 0 0 0 0 0 0 0 0 0 0 0 0 0 1 0 0 0
<is_darksquid_C11> 0 0 0 0 0 0 0 0 0 0 0 0 0 0 0 0 0 0 0 0 0 0
<is_darksquid_C12> 1 0 0 0 0 0 0 0 0 0 0 0 0 0 0 0 0 1 0 0 0 0
<is_darksquid_C13> 0 1 0 0 0 0 0 0 0 0 0 0 0 0 0 0 0 1 0 0 0 0
<is_darksquid_C14> 0 0 0 0 0 1 0 0 0 0 0 0 0 0 0 0 0 0 0 0 0 0
<is_darksquid_C15> 1 0 0 0 0 0 0 0 0 0 0 0 0 0 0 0 0 0 0 0 0 1
<is_darksquid_C16> 0 0 0 0 1 0 0 0 0 0 0 0 0 0 0 0 0 0 0 0 0 1
<is_darksquid_C17> 1 1 0 0 1 0 0 0 0 0 0 0 0 0 0 0 0 0 0 0 0 1
<is_darksquid_C18> 0 0 0 0 0 0 0 0 0 0 0 0 0 0 0 0 0 0 0 0 0 0
<is_darksquid_C19> 0 0 0 0 0 0 0 0 0 0 0 0 0 0 1 0 0 0 0 0 0 0
<is_darksquid_C20> 0 0 0 0 1 0 0 0 0 0 0 0 0 0 0 0 0 0 0 0 0 0
<is_darksquid_C21> 1 1 0 0 1 0 0 0 0 0 0 0 0 0 0 0 0 0 0 0 0 0
<is_darksquid_C22> 0 0 0 0 0 0 1 0 0 0 0 0 0 0 0 0 0 0 0 0 0 1
<is_darksquid_C23> 0 0 0 0 1 0 0 0 0 0 0 0 0 0 0 0 0 0 0 0 0 1
<is_incomplete_C0> 0 0 0 0 0 0 0 0 0 0 0 0 0 0 0 0 0 0 0 0 0 0
<is_incomplete_C1> 0 0 0 0 0 0 0 0 0 0 0 0 0 0 0 0 0 0 0 0 0 0
<is_incomplete_C2> 0 0 0 0 0 0 0 0 0 0 0 0 0 0 0 0 0 0 0 0 0 0
<is_incomplete_C3> 0 0 0 0 0 0 0 0 0 0 0 0 0 0 0 0 0 0 0 0 0 0
<is_incomplete_C4> 0 0 0 0 0 0 0 0 0 0 0 0 0 0 0 0 0 0 0 0 0 0
<is_incomplete_C5> 0 0 0 0 0 0 0 0 0 0 0 0 0 0 0 0 0 0 0 0 0 0
<is_incomplete_C6> 0 0 0 0 0 0 0 0 0 0 0 0 0 0 0 0 0 0 0 0 0 0
<is_incomplete_C7> 0 0 0 0 0 0 0 0 0 0 0 0 0 0 0 0 0 0 0 0 0 0
<is_incomplete_C8> 0 0 0 0 0 0 0 0 0 0 0 0 0 0 0 0 0 0 0 0 0 0
<is_incomplete_C9> 0 0 0 0 0 0 0 0 0 0 0 0 0 0 0 0 0 0 0 0 0 0
<is_incomplete_C10> 0 0 0 0 0 0 0 0 0 0 0 0 0 0 0 0 0 0 0 0 0 0
<is_incomplete_C11> 0 0 0 0 0 0 0 0 0 0 0 0 0 0 0 0 0 0 0 0 0 0
<is_incomplete_C12> 0 0 0 0 0 0 0 0 0 0 0 0 0 0 0 0 0 0 0 0 0 0
<is_incomplete_C13> 0 0 0 0 0 0 0 0 0 0 0 0 0 0 0 0 0 0 0 0 0 0
<is_incomplete_C14> 0 0 0 0 0 0 0 0 0 0 0 0 0 0 0 0 0 0 0 0 0 0
<is_incomplete_C15> 0 0 0 0 0 0 0 0 0 0 0 0 0 0 0 0 0 0 0 0 0 0
<is_incomplete_C16> 0 0 0 0 0 0 0 0 0 0 0 0 0 0 0 0 0 0 0 0 0 0
<is_incomplete_C17> 0 0 0 0 0 0 0 0 0 0 0 0 0 0 0 0 0 0 0 0 0 0
<is_incomplete_C18> 0 0 0 0 0 0 0 0 0 0 0 0 0 0 0 0 0 0 0 0 0 0
<is_incomplete_C19> 0 0 0 0 0 0 0 0 0 0 0 0 0 1 0 0 0 0 0 0 0 0
<is_incomplete_C20> 0 0 0 0 0 0 0 0 0 0 0 0 0 0 0 0 0 0 0 0 0 1
<is_incomplete_C21> 0 0 0 0 0 0 0 0 0 0 0 0 0 0 0 1 0 0 0 0 0 0
<is_incomplete_C22> 0 0 0 0 0 0 0 0 0 0 0 0 0 0 0 0 0 0 0 0 0 0
<is_incomplete_C23> 0 0 0 0 0 0 0 0 0 0 0 0 0 0 0 0 0 0 0 0 0 0
<is_ramping_C0> 0 0 0 0 0 0 0 0 0 0 0 0 0 0 0 0 0 0 0 0 0 0
<is_ramping_C1> 0 0 0 0 0 0 0 0 0 0 0 0 0 0 0 0 0 0 0 0 0 0
<is_ramping_C2> 0 0 0 0 0 0 0 0 0 0 0 0 0 0 0 0 0 0 0 0 0 0
<is_ramping_C3> 0 0 0 0 0 0 0 0 0 0 0 0 0 0 0 0 0 0 0 0 0 0
<is_ramping_C4> 0 0 0 0 0 0 0 0 0 0 0 0 0 0 0 0 0 0 0 0 0 0
<is_ramping_C5> 0 0 0 0 0 0 0 0 0 0 0 0 0 0 0 0 0 0 0 0 0 0
<is_ramping_C6> 0 0 0 0 0 0 0 0 0 0 0 0 0 0 0 0 0 0 0 0 0 0
<is_ramping_C7> 0 0 0 0 0 0 0 0 0 1 0 0 0 0 0 0 0 0 0 0 0 0
<is_ramping_C8> 0 0 0 0 0 0 0 0 0 0 0 0 0 0 0 0 0 0 0 0 0 0
<is_ramping_C9> 0 0 0 0 0 0 0 0 0 0 0 0 0 0 0 0 0 0 0 0 0 0
<is_ramping_C10> 0 0 0 0 0 0 0 0 0 0 0 0 0 0 0 0 0 0 0 0 0 0
<is_ramping_C11> 0 0 0 0 0 0 0 0 0 0 0 0 0 0 0 0 0 0 0 0 0 0
<is_ramping_C12> 0 0 0 0 0 0 0 0 0 0 0 0 0 0 0 0 0 0 0 0 0 0
<is_ramping_C13> 0 0 0 0 0 0 0 0 0 0 0 0 0 0 0 0 0 0 0 0 0 0
<is_ramping_C14> 0 0 0 0 0 0 0 0 0 0 0 0 0 0 0 0 0 1 0 0 0 0
<is_ramping_C15> 0 0 0 0 0 0 0 0 0 0 0 0 0 0 0 0 0 0 0 0 0 0
<is_ramping_C16> 0 0 0 0 0 0 0 0 0 0 0 0 0 0 0 0 0 0 0 0 0 0
<is_ramping_C17> 0 0 0 0 0 0 0 0 0 0 0 0 0 0 0 0 0 0 0 0 0 0
<is_ramping_C18> 0 0 0 0 0 0 0 0 0 0 0 0 0 0 0 0 0 0 0 0 0 0
<is_ramping_C19> 0 0 0 0 0 0 0 0 0 0 0 0 0 0 0 0 0 0 0 0 0 0
<is_ramping_C20> 0 0 0 0 0 0 0 0 0 0 0 0 0 0 0 0 0 0 0 0 0 0
<is_ramping_C21> 0 0 0 0 0 0 0 0 0 0 0 0 0 0 0 0 0 0 0 0 0 0
<is_ramping_C22> 0 0 0 0 0 0 0 0 0 0 0 0 0 0 0 0 0 0 0 0 0 0
<is_ramping_C23> 0 0 0 0 0 0 0 0 0 0 0 0 0 0 0 0 0 0 0 0 0 0
<is_undefined_C0> 0 0 0 0 0 0 0 0 0 0 0 0 0 0 0 0 0 0 0 0 0 0
<is_undefined_C1> 0 0 0 0 0 0 0 0 0 0 0 0 0 0 0 0 0 0 0 0 0 0
<is_undefined_C2> 0 0 0 0 0 0 0 0 0 0 0 0 0 0 0 0 0 0 0 0 0 0
<is_undefined_C3> 0 0 0 0 0 0 0 0 0 0 0 0 0 0 0 0 0 0 0 0 0 0
<is_undefined_C4> 0 0 0 0 0 0 0 0 0 0 0 0 0 0 0 0 0 0 0 0 0 0
<is_undefined_C5> 0 0 0 0 0 0 0 0 0 0 0 0 0 0 0 0 0 0 0 0 0 0
<is_undefined_C6> 0 0 0 0 0 0 0 0 0 0 0 0 0 0 0 0 0 0 0 0 0 0
<is_undefined_C7> 0 0 0 0 0 0 0 0 0 0 0 0 0 0 0 0 0 0 0 0 0 0
<is_undefined_C8> 0 0 0 0 0 0 0 0 0 0 0 0 0 0 0 0 0 0 0 0 0 0
<is_undefined_C9> 0 0 0 0 0 0 0 0 0 0 0 0 0 0 0 0 0 0 0 0 0 0
<is_undefined_C10> 0 0 0 0 0 0 0 0 0 0 0 0 0 0 0 0 0 0 0 0 0 0
<is_undefined_C11> 0 0 0 0 0 0 0 0 0 0 0 0 0 0 0 0 0 0 0 0 0 0
<is_undefined_C12> 0 0 0 0 0 0 0 0 0 0 0 0 0 0 0 0 0 0 0 0 0 0
<is_undefined_C13> 0 0 0 0 0 0 0 0 0 0 0 0 0 0 0 0 0 0 0 0 0 0
<is_undefined_C14> 0 0 0 0 0 0 0 0 0 0 0 0 0 0 0 0 0 0 0 0 0 0
<is_undefined_C15> 0 0 0 0 0 0 0 0 0 0 0 0 0 0 0 0 0 0 0 0 0 0
<is_undefined_C16> 0 0 0 0 0 0 0 0 0 0 0 0 0 0 0 0 0 0 0 0 0 0
<is_undefined_C17> 0 0 0 0 0 0 0 0 0 0 0 0 0 0 0 0 0 0 0 0 0 0
<is_undefined_C18> 0 0 0 0 0 0 0 0 0 0 0 0 0 0 0 0 0 0 0 0 0 0
<is_undefined_C19> 0 0 0 0 0 0 0 0 0 0 0 0 0 0 0 0 0 0 0 0 0 0
<is_undefined_C20> 0 0 0 0 0 0 0 0 0 0 0 0 0 0 0 0 0 0 0 0 0 0
<is_undefined_C21> 0 0 0 0 0 0 0 0 0 0 0 0 0 0 1 0 0 0 0 0 0 1
<is_undefined_C22> 0 0 0 0 0 0 0 0 0 0 0 0 0 0 0 0 0 0 0 0 0 0
<is_undefined_C23> 0 0 0 0 0 0 0 0 0 0 0 0 0 0 0 0 0 0 0 0 0 0
<is_good_C0> 1 1 1 1 0 1 1 1 1 1 1 1 1 1 1 1 1 1 1 1 1 0
<is_good_C1> 1 1 1 1 0 1 1 1 1 1 1 1 1 1 1 1 1 1 1 1 1 0
<is_good_C2> 1 1 1 1 0 1 1 1 1 1 1 1 1 1 1 1 1 1 1 1 0 0
<is_good_C3> 1 1 0 1 0 1 1 1 0 1 1 1 1 1 1 1 1 1 1 1 1 0
<is_good_C4> 0 1 1 1 1 1 1 1 1 1 1 1 1 1 1 1 1 0 1 1 1 1
<is_good_C5> 0 1 1 1 1 1 0 1 1 1 1 1 1 1 1 1 1 1 1 1 1 1
<is_good_C6> 0 1 1 0 1 1 1 1 1 1 1 1 1 1 1 1 1 0 1 1 1 1
<is_good_C7> 0 0 1 1 1 1 1 0 1 0 1 1 1 1 1 1 1 0 1 1 1 1
<is_good_C8> 0 1 1 1 1 1 1 1 1 1 1 1 1 1 1 1 1 0 1 1 1 1
<is_good_C9> 0 1 1 1 1 1 1 1 1 1 1 1 1 1 1 1 1 0 1 1 1 1
<is_good_C10> 0 1 1 1 1 1 1 1 1 1 1 1 1 1 1 1 1 1 0 1 1 1
<is_good_C11> 0 0 1 1 1 0 1 1 1 1 1 1 1 1 1 1 1 1 1 1 1 1
<is_good_C12> 0 1 1 1 1 1 1 1 1 1 1 1 1 0 1 1 1 0 1 1 1 1
<is_good_C13> 0 0 1 1 1 1 1 1 1 1 1 1 1 1 1 1 1 0 1 1 1 1
<is_good_C14> 0 1 1 1 1 0 1 1 1 1 1 1 1 1 1 1 1 0 1 1 1 1
<is_good_C15> 0 1 1 1 1 1 1 1 1 1 1 1 1 1 1 1 0 0 1 1 1 0
<is_good_C16> 1 1 1 1 0 1 1 1 1 1 1 1 1 1 1 1 0 1 1 1 1 0
<is_good_C17> 0 0 1 1 0 1 1 1 1 1 1 1 1 1 1 1 1 1 1 1 1 0
<is_good_C18> 0 0 0 0 0 0 0 0 0 0 0 0 0 0 0 0 0 0 0 0 0 0
<is_good_C19> 1 1 1 1 1 1 1 1 1 1 1 1 1 0 0 1 0 1 1 1 1 1
<is_good_C20> 1 1 1 1 0 1 1 1 1 1 1 1 1 1 1 0 1 1 1 1 1 0
<is_good_C21> 0 0 0 1 0 1 1 1 1 1 1 1 1 1 0 0 1 1 1 1 1 0
<is_good_C22> 1 1 1 1 1 1 0 1 1 1 1 1 1 1 1 1 0 1 1 1 1 0
<is_good_C23> 1 1 1 1 0 1 1 1 1 1 1 1 1 1 1 1 1 1 1 1 1 0
</IV> 
